build/app/outputs/mapping/release/mapping.txt
# compiler: R8
# compiler_version: 1.5.64
# min_api: 21
# pg_map_id: 5cada3c
...
com.google.firebase.firestore.remote.RemoteStore$$Lambda$2 -> com.google.firebase.firestore.t0.h0:
    com.google.firebase.firestore.remote.RemoteStore arg$1 -> a
    com.google.firebase.firestore.util.AsyncQueue arg$2 -> b
    void accept(java.lang.Object) -> a
    com.google.firebase.firestore.util.Consumer lambdaFactory$(com.google.firebase.firestore.remote.RemoteStore,com.google.firebase.firestore.util.AsyncQueue) -> a
com.google.firebase.firestore.remote.RemoteStore$$Lambda$3 -> com.google.firebase.firestore.t0.i0:
    com.google.firebase.firestore.remote.RemoteStore arg$1 -> b
    java.lang.Runnable lambdaFactory$(com.google.firebase.firestore.remote.RemoteStore) -> a
com.google.firebase.firestore.remote.RemoteStore$1 -> com.google.firebase.firestore.t0.j0$a:
    com.google.firebase.firestore.remote.RemoteStore this$0 -> a
    void onClose(io.grpc.Status) -> a
    void onOpen() -> a
    void onWatchChange(com.google.firebase.firestore.model.SnapshotVersion,com.google.firebase.firestore.remote.WatchChange) -> a
com.google.firebase.firestore.remote.RemoteStore$2 -> com.google.firebase.firestore.t0.j0$b:
    com.google.firebase.firestore.remote.RemoteStore this$0 -> a
    void onClose(io.grpc.Status) -> a
    void onOpen() -> a
    void onWriteResponse(com.google.firebase.firestore.model.SnapshotVersion,java.util.List) -> a
    void onHandshakeComplete() -> b
com.google.firebase.firestore.remote.RemoteStore$RemoteStoreCallback -> com.google.firebase.firestore.t0.j0$c:
    com.google.firebase.database.collection.ImmutableSortedSet getRemoteKeysForTarget(int) -> a
    void handleOnlineStateChange(com.google.firebase.firestore.core.OnlineState) -> a
    void handleRejectedListen(int,io.grpc.Status) -> a
    void handleRemoteEvent(com.google.firebase.firestore.remote.RemoteEvent) -> a
    void handleSuccessfulWrite(com.google.firebase.firestore.model.mutation.MutationBatchResult) -> a
    void handleRejectedWrite(int,io.grpc.Status) -> b
com.google.firebase.firestore.remote.Stream -> com.google.firebase.firestore.t0.k0:
com.google.firebase.firestore.remote.Stream$State -> com.google.firebase.firestore.t0.k0$a:
    com.google.firebase.firestore.remote.Stream$State Starting -> c
    com.google.firebase.firestore.remote.Stream$State Initial -> b
    com.google.firebase.firestore.remote.Stream$State Backoff -> f
    com.google.firebase.firestore.remote.Stream$State[] $VALUES -> g
    com.google.firebase.firestore.remote.Stream$State Error -> e
    com.google.firebase.firestore.remote.Stream$State Open -> d
com.google.firebase.firestore.remote.Stream$StreamCallback -> com.google.firebase.firestore.t0.k0$b:
    void onClose(io.grpc.Status) -> a
    void onOpen() -> a
com.google.firebase.firestore.remote.TargetChange -> com.google.firebase.firestore.t0.l0:
    com.google.protobuf.ByteString resumeToken -> a
    com.google.firebase.database.collection.ImmutableSortedSet removedDocuments -> e
    com.google.firebase.database.collection.ImmutableSortedSet modifiedDocuments -> d
    boolean current -> b
    com.google.firebase.database.collection.ImmutableSortedSet addedDocuments -> c
    com.google.firebase.database.collection.ImmutableSortedSet getAddedDocuments() -> a
    com.google.firebase.database.collection.ImmutableSortedSet getModifiedDocuments() -> b
    com.google.firebase.database.collection.ImmutableSortedSet getRemovedDocuments() -> c
    com.google.protobuf.ByteString getResumeToken() -> d
    boolean isCurrent() -> e